{"timestamp":"2024-12-04T11:11:18.998Z","type":"SUSPICIOUS_NUMBER","number":"120363157253194467","messageContent":"❤️","reason":"SUSPICIOUS_PATTERN"}
{"timestamp":"2024-12-04T11:14:39.971Z","type":"SUSPICIOUS_NUMBER","number":"120363180145777250","messageContent":"Which one would you eat first? 😋","reason":"SUSPICIOUS_PATTERN"}
{"timestamp":"2024-12-04T11:19:35.301Z","type":"SUSPICIOUS_NUMBER","number":"120363156588550165","messageContent":"😂😂","reason":"SUSPICIOUS_PATTERN"}
{"timestamp":"2024-12-04T11:19:44.201Z","type":"SUSPICIOUS_NUMBER","number":"120363174051639404","messageContent":"🥲🥲","reason":"SUSPICIOUS_PATTERN"}
{"timestamp":"2024-12-04T11:48:10.823Z","type":"SUSPICIOUS_NUMBER","number":"120363180145777250","messageContent":"Cake 😋","reason":"SUSPICIOUS_PATTERN"}
{"timestamp":"2024-12-04T11:49:10.028Z","type":"SUSPICIOUS_NUMBER","number":"120363156588550165","messageContent":"😂😂","reason":"SUSPICIOUS_PATTERN"}
{"timestamp":"2024-12-04T11:49:38.205Z","type":"SUSPICIOUS_NUMBER","number":"120363174051639404","messageContent":"🥲🥲","reason":"SUSPICIOUS_PATTERN"}
{"timestamp":"2024-12-04T11:50:58.177Z","type":"SUSPICIOUS_NUMBER","number":"120363157253194467","messageContent":"Which spinner will take the most wickets in the IPL season 2025?\n\n👍- Yuzvendra Chahal \n❤️- Kuldeep Yadav\n😍- Ravichandran Ashwin\n🔥- Washington Sundar\n\n\nJoin SPORTS DUNIYA to get all sports updates!\nhttps://whatsapp.com/channel/0029VajUQPD89innkdwNEM0N\nhttps://whatsapp.com/channel/0029VajUQPD89innkdwNEM0N","reason":"SUSPICIOUS_PATTERN"}
{"timestamp":"2024-12-04T12:22:03.382Z","type":"SUSPICIOUS_NUMBER","number":"120363174051639404","messageContent":"Admit it 😂","reason":"SUSPICIOUS_PATTERN"}
{"timestamp":"2024-12-04T12:22:41.925Z","type":"SUSPICIOUS_NUMBER","number":"120363156588550165","messageContent":"😂😂","reason":"SUSPICIOUS_PATTERN"}
{"timestamp":"2024-12-04T12:38:08.595Z","type":"SUSPICIOUS_NUMBER","number":"120363180145777250","messageContent":"Fries 😋","reason":"SUSPICIOUS_PATTERN"}
{"timestamp":"2024-12-04T12:43:13.935Z","type":"SUSPICIOUS_NUMBER","number":"120363159552753674","messageContent":"🛬 We are in Bilbao!\n📍 ¡Ya estamos en Bilbao!","reason":"SUSPICIOUS_PATTERN"}
{"timestamp":"2024-12-04T13:10:36.044Z","type":"SUSPICIOUS_NUMBER","number":"120363322088657074","messageContent":"@919996404806","reason":"SUSPICIOUS_PATTERN"}
{"timestamp":"2024-12-04T13:12:11.760Z","type":"SUSPICIOUS_NUMBER","number":"120363322088657074","messageContent":"Reason kuch aur tha","reason":"SUSPICIOUS_PATTERN"}
{"timestamp":"2024-12-04T13:13:30.449Z","type":"SUSPICIOUS_NUMBER","number":"120363322088657074","messageContent":"Spleen ki kami","reason":"SUSPICIOUS_PATTERN"}
{"timestamp":"2024-12-04T13:24:52.187Z","type":"SUSPICIOUS_NUMBER","number":"120363322088657074","messageContent":"✂️","reason":"SUSPICIOUS_PATTERN"}
{"timestamp":"2024-12-04T13:25:26.568Z","type":"SUSPICIOUS_NUMBER","number":"120363180145777250","messageContent":"Yummy 😋","reason":"SUSPICIOUS_PATTERN"}
{"timestamp":"2024-12-04T13:40:23.765Z","type":"SUSPICIOUS_NUMBER","number":"120363157253194467","messageContent":"🙂","reason":"SUSPICIOUS_PATTERN"}
{"timestamp":"2024-12-04T14:00:48.562Z","type":"SUSPICIOUS_NUMBER","number":"120363166522331898","messageContent":"Jasprit Bumrah comes in for some special praise from Australia legend Ricky Ponting after his heroics in Perth 🌟\n\n#WTC25 | #AUSvIND\n\nhttps://www.icc-cricket.com/tournaments/world-test-championship/news/ricky-ponting-hails-bumrah-and-tackles-the-goat-question","reason":"SUSPICIOUS_PATTERN"}
{"timestamp":"2024-12-04T14:00:52.620Z","type":"SUSPICIOUS_NUMBER","number":"919837777323-1469869129","messageContent":"I am coming tomorrow for the wedding."}
{"timestamp":"2024-12-04T14:08:02.720Z","type":"SUSPICIOUS_NUMBER","number":"status","messageContent":"🎀"}
{"timestamp":"2024-12-04T14:14:02.363Z","type":"SUSPICIOUS_NUMBER","number":"120363322088657074","messageContent":"😞","reason":"SUSPICIOUS_PATTERN"}
{"timestamp":"2024-12-04T14:14:13.180Z","type":"SUSPICIOUS_NUMBER","number":"120363322088657074","messageContent":"Abe datude","reason":"SUSPICIOUS_PATTERN"}
{"timestamp":"2024-12-04T14:23:07.404Z","type":"SUSPICIOUS_NUMBER","number":"120363157253194467","messageContent":"Mauj masti nahi rukni chahiye 😂","reason":"SUSPICIOUS_PATTERN"}
{"timestamp":"2024-12-04T14:26:22.621Z","type":"SUSPICIOUS_NUMBER","number":"120363180145777250","messageContent":"Favourite fruit ❤️","reason":"SUSPICIOUS_PATTERN"}
{"timestamp":"2024-12-04T14:46:50.573Z","type":"SUSPICIOUS_NUMBER","number":"120363156588550165","messageContent":"😂😂","reason":"SUSPICIOUS_PATTERN"}
{"timestamp":"2024-12-04T14:47:11.757Z","type":"SUSPICIOUS_NUMBER","number":"120363174051639404","messageContent":"😍😍","reason":"SUSPICIOUS_PATTERN"}
{"timestamp":"2024-12-04T14:47:31.589Z","type":"SUSPICIOUS_NUMBER","number":"120363184840886453","messageContent":"Friends on a break, and rivals on the field, as we gear up for a blockbuster clash! 🤩","reason":"SUSPICIOUS_PATTERN"}
{"timestamp":"2024-12-04T14:48:03.152Z","type":"SUSPICIOUS_NUMBER","number":"120363322088657074","messageContent":"@917781019892","reason":"SUSPICIOUS_PATTERN"}
{"timestamp":"2024-12-08T09:14:52.950Z","type":"SUSPICIOUS_NUMBER","number":"120363174051639404","messageContent":"😜😂","reason":"SUSPICIOUS_PATTERN"}
{"timestamp":"2024-12-08T09:15:07.345Z","type":"SUSPICIOUS_NUMBER","number":"120363156588550165","messageContent":"❤️❤️","reason":"SUSPICIOUS_PATTERN"}
{"timestamp":"2024-12-08T09:18:21.227Z","type":"SUSPICIOUS_NUMBER","number":"919837046600-1555866224","messageContent":"On the bus"}
{"timestamp":"2024-12-08T09:18:47.215Z","type":"SUSPICIOUS_NUMBER","number":"919837046600-1555866224","messageContent":"👍🏻"}
{"timestamp":"2024-12-08T09:26:12.778Z","type":"SUSPICIOUS_NUMBER","number":"status","messageContent":"❤️"}
{"timestamp":"2024-12-08T09:27:46.802Z","type":"SUSPICIOUS_NUMBER","number":"919837046600-1555866224","messageContent":"On bus"}
{"timestamp":"2024-12-08T10:30:31.290Z","type":"STICKER_ERROR","error":"Background removal feature requires REMOVE_BG_API_KEY in .env file","options":{"crop":false,"circle":false,"nobg":true,"full":false,"quality":80,"duration":10,"author":"Mahe","pack":"WhatsApp Stickers"}}
{"timestamp":"2024-12-08T10:35:39.250Z","type":"SUSPICIOUS_NUMBER","number":"120363181805285218","messageContent":"Dan Ashworth will be leaving his role as Sporting Director of Manchester United by mutual agreement.\n\nhttps://bit.ly/3OM1Nru","reason":"SUSPICIOUS_PATTERN"}
{"timestamp":"2024-12-08T10:41:42.992Z","type":"SUSPICIOUS_NUMBER","number":"120363180145777250","messageContent":"Pasta 😋","reason":"SUSPICIOUS_PATTERN"}
{"timestamp":"2024-12-08T10:45:45.705Z","type":"SUSPICIOUS_NUMBER","number":"120363174051639404","messageContent":"❤️❤️","reason":"SUSPICIOUS_PATTERN"}
{"timestamp":"2024-12-08T10:50:02.521Z","type":"SUSPICIOUS_NUMBER","number":"120363156588550165","messageContent":"🙂","reason":"SUSPICIOUS_PATTERN"}
{"timestamp":"2024-12-08T10:50:08.245Z","type":"SUSPICIOUS_NUMBER","number":"120363174051639404","messageContent":"🥲","reason":"SUSPICIOUS_PATTERN"}
{"timestamp":"2024-12-08T10:52:07.566Z","type":"SUSPICIOUS_NUMBER","number":"120363157253194467","messageContent":"Perfect 😂","reason":"SUSPICIOUS_PATTERN"}
{"timestamp":"2024-12-08T10:52:57.388Z","type":"SUSPICIOUS_NUMBER","number":"919837046600-1555866224","messageContent":"Reached hostel"}
